  game.cpp
C:\projects\cpp\ballgame\game.cpp(244,1): warning C4244: "-=": konwersja z "double" do "int", możliwa utrata danych
C:\projects\cpp\ballgame\game.cpp(245,1): warning C4244: "+=": konwersja z "double" do "int", możliwa utrata danych
C:\projects\cpp\ballgame\game.cpp(323,1): warning C4244: "+=": konwersja z "float" do "int", możliwa utrata danych
C:\projects\cpp\ballgame\game.cpp(328,14): warning C4244: "inicjowanie": konwersja z "float" do "int", możliwa utrata danych
C:\projects\cpp\ballgame\game.cpp(329,14): warning C4244: "inicjowanie": konwersja z "float" do "int", możliwa utrata danych
C:\projects\cpp\ballgame\game.cpp(353,1): warning C4244: "+=": konwersja z "float" do "int", możliwa utrata danych
C:\projects\cpp\ballgame\game.cpp(363,39): warning C4244: "=": konwersja z "int" do "float", możliwa utrata danych
C:\projects\cpp\ballgame\game.cpp(364,39): warning C4244: "=": konwersja z "int" do "float", możliwa utrata danych
C:\projects\cpp\ballgame\game.cpp(377,1): warning C4244: "+=": konwersja z "float" do "int", możliwa utrata danych
C:\projects\cpp\ballgame\game.cpp(482,21): warning C4018: "<": niezgodność typu ze znakiem/bez znaku
C:\projects\cpp\ballgame\game.cpp(518,21): warning C4018: "<": niezgodność typu ze znakiem/bez znaku
C:\projects\cpp\ballgame\game.cpp(601,11): warning C4477: „printf”: ciąg formatu „%a” wymaga argumentu typu „double”, ale argument 1 ze zmienną liczbą argumentów ma typ „int”
C:\projects\cpp\ballgame\game.cpp(618,28): warning C4244: "=": konwersja z "int" do "float", możliwa utrata danych
C:\projects\cpp\ballgame\game.cpp(619,28): warning C4244: "=": konwersja z "int" do "float", możliwa utrata danych
C:\projects\cpp\ballgame\game.cpp(743,26): warning C4244: "+=": konwersja z "float" do "int", możliwa utrata danych
C:\projects\cpp\ballgame\game.cpp(843,21): warning C4150: usunięcie wskaźnika do niekompletnego typu "SDL_Texture"; brak wywołania destruktora
  LTexture.cpp
C:\projects\cpp\SDL2\include\SDL_render.h(128): message : zobacz deklarację „SDL_Texture”
  Trwa generowanie kodu
  Previous IPDB not found, fall back to full compilation.
  All 254 functions were compiled because no usable IPDB/IOBJ from previous compilation was found.
  Zakończono generowanie kodu
  ballgame.vcxproj -> C:\projects\cpp\ballgame\Release\ballgame.exe
